C51 COMPILER V9.54   FONTDATA                                                              03/10/2019 20:36:01 PAGE 1   


C51 COMPILER V9.54, COMPILATION OF MODULE FONTDATA
OBJECT MODULE PLACED IN .\Output\FontData.obj
COMPILER INVOKED BY: D:\keil\C51\BIN\C51.EXE Code\FontData.c ROM(COMPACT) OPTIMIZE(8,SIZE) BROWSE INCDIR(..\..\Include;.
                    -.\Include) DEFINE(FOSC_160000) DEBUG OBJECTEXTEND PRINT(.\LST\FontData.lst) OBJECT(.\Output\FontData.obj)

line level    source

   1          #include "fontdata.h"
   2          
   3          /*
   4          阴码-逆项-列行式
   5          */
   6          /* 16*16*/
   7          /*
   8          三中文数字藏归零重置是否
   9          */
  10          code unsigned char font_CHN[]=
  11          {
  12          
  13          0x00,0x08,0x08,0x08,0x08,0x08,0x08,0x08,
  14          0x08,0x08,0x08,0x08,0x08,0x08,0x00,0x00,
  15          0x40,0x40,0x41,0x41,0x41,0x41,0x41,0x41,
  16          0x41,0x41,0x41,0x41,0x41,0x40,0x40,0x00,//"?",0
  17          
  18          0x00,0x00,0xF0,0x10,0x10,0x10,0x10,0xFF,
  19          0x10,0x10,0x10,0x10,0xF0,0x00,0x00,0x00,
  20          0x00,0x00,0x0F,0x04,0x04,0x04,0x04,0xFF,
  21          0x04,0x04,0x04,0x04,0x0F,0x00,0x00,0x00,//"?",1
  22          
  23          0x08,0x08,0x08,0x38,0xC8,0x08,0x09,0x0E,
  24          0x08,0x08,0xC8,0x38,0x08,0x08,0x08,0x00,
  25          0x80,0x80,0x40,0x40,0x20,0x11,0x0A,0x04,
  26          0x0A,0x11,0x20,0x40,0x40,0x80,0x80,0x00,//"?",2
  27          
  28          0x90,0x52,0x34,0x10,0xFF,0x10,0x34,0x52,
  29          0x80,0x70,0x8F,0x08,0x08,0xF8,0x08,0x00,
  30          0x82,0x9A,0x56,0x63,0x22,0x52,0x8E,0x00,
  31          0x80,0x40,0x33,0x0C,0x33,0x40,0x80,0x00,//"?",3
  32          
  33          0x10,0x0C,0x04,0x24,0x24,0x24,0x25,0x26,
  34          0xA4,0x64,0x24,0x04,0x04,0x14,0x0C,0x00,
  35          0x02,0x02,0x02,0x02,0x02,0x42,0x82,0x7F,
  36          0x02,0x02,0x02,0x02,0x02,0x02,0x02,0x00,//"?",4
  37          
  38          0x02,0xE2,0x82,0xF2,0x12,0xD7,0x52,0xD2,
  39          0x52,0x17,0xFA,0x12,0x16,0x9A,0x12,0x00,
  40          0x12,0x8E,0x62,0x1F,0x00,0x3F,0x25,0x3D,
  41          0xA7,0x40,0x27,0x18,0x26,0x41,0xF0,0x00,//"?",5
  42          
  43          0x00,0xFC,0x00,0x00,0xFF,0x00,0x04,0x84,
  44          0x84,0x84,0x84,0x84,0x84,0xFC,0x00,0x00,
  45          0x00,0x87,0x40,0x30,0x0F,0x00,0x20,0x20,
  46          0x20,0x20,0x20,0x20,0x20,0x7F,0x00,0x00,//"?",6
  47          
  48          0x10,0x0C,0x05,0x55,0x55,0x55,0x85,0x7F,
  49          0x85,0x55,0x55,0x55,0x05,0x14,0x0C,0x00,
  50          0x04,0x04,0x02,0x0A,0x09,0x29,0x2A,0x4C,
  51          0x48,0xA9,0x19,0x02,0x02,0x04,0x04,0x00,//"?",7
  52          
  53          0x10,0x10,0x14,0xD4,0x54,0x54,0x54,0xFC,
  54          0x52,0x52,0x52,0xD3,0x12,0x10,0x10,0x00,
C51 COMPILER V9.54   FONTDATA                                                              03/10/2019 20:36:01 PAGE 2   

  55          0x40,0x40,0x50,0x57,0x55,0x55,0x55,0x7F,
  56          0x55,0x55,0x55,0x57,0x50,0x40,0x40,0x00,//"?",8
  57          
  58          0x00,0x17,0x15,0xD5,0x55,0x57,0x55,0x7D,
  59          0x55,0x57,0x55,0xD5,0x15,0x17,0x00,0x00,
  60          0x40,0x40,0x40,0x7F,0x55,0x55,0x55,0x55,
  61          0x55,0x55,0x55,0x7F,0x40,0x40,0x40,0x00,//"?",9
  62          
  63          0x00,0x00,0x00,0x7F,0x49,0x49,0x49,0x49,
  64          0x49,0x49,0x49,0x7F,0x00,0x00,0x00,0x00,
  65          0x81,0x41,0x21,0x1D,0x21,0x41,0x81,0xFF,
  66          0x89,0x89,0x89,0x89,0x89,0x81,0x81,0x00,
  67          
  68          0x00,0x02,0x82,0x82,0x42,0x22,0x12,0xFA,
  69          0x06,0x22,0x22,0x42,0x42,0x82,0x00,0x00,
  70          0x01,0x01,0x00,0xFC,0x44,0x44,0x44,0x45,
  71          0x44,0x44,0x44,0xFC,0x00,0x00,0x01,0x00,        
  72          };
  73          
  74          /* 6*8  0-9*/
  75          code unsigned char font1_0_9[]=
  76          {
  77          
  78          0x7E,0x81,0x81,0x81,0x7E,0x00,
  79          0x00,0x82,0xFF,0x80,0x00,0x00,
  80          0xC6,0xA1,0x91,0x89,0x86,0x00,
  81          0x42,0x81,0x89,0x89,0x76,0x00,
  82          0x30,0x28,0xA6,0xFF,0xA0,0x00,
  83          0x5F,0x89,0x89,0x89,0x71,0x00,
  84          0x7C,0x92,0x89,0x89,0x72,0x00,
  85          0x00,0x01,0xF1,0x0D,0x03,0x00,
  86          0x76,0x89,0x89,0x89,0x76,0x00,
  87          0x4E,0x91,0x91,0x49,0x3E,0x00,  
  88          0x00,0xC0,0x30,0x0C,0x03,0x00,
  89          };
  90          
  91          /*  8*16 */
  92          code unsigned char font2_0_9[]=
  93          {
  94          0x00,0xF8,0x04,0x02,0x02,0x04,0xF8,0x00,
  95          0x00,0x03,0x04,0x08,0x08,0x04,0x03,0x00,
  96          0x00,0x00,0x04,0x04,0xFE,0x00,0x00,0x00,
  97          0x00,0x00,0x08,0x08,0x0F,0x08,0x08,0x00,
  98          0x00,0x1C,0x02,0x02,0x82,0x42,0x3C,0x00,
  99          0x00,0x0C,0x0A,0x09,0x08,0x08,0x0C,0x00,
 100          0x00,0x0C,0x02,0x42,0x42,0xA2,0x1C,0x00,
 101          0x00,0x06,0x08,0x08,0x08,0x08,0x07,0x00,
 102          0x00,0x80,0x60,0x10,0x0C,0xFE,0x00,0x00,
 103          0x00,0x01,0x01,0x09,0x09,0x0F,0x09,0x09,
 104          0x00,0x7E,0x22,0x22,0x22,0x42,0x82,0x00,
 105          0x00,0x06,0x08,0x08,0x08,0x04,0x03,0x00,
 106          0x00,0xF8,0x44,0x22,0x22,0x24,0xC0,0x00,
 107          0x00,0x03,0x04,0x08,0x08,0x08,0x07,0x00,
 108          0x00,0x06,0x02,0x82,0x62,0x1A,0x06,0x00,
 109          0x00,0x00,0x00,0x0F,0x00,0x00,0x00,0x00,
 110          0x00,0x1C,0xA2,0x42,0x42,0xA2,0x1C,0x00,
 111          0x00,0x07,0x08,0x08,0x08,0x08,0x07,0x00,
 112          0x00,0x7C,0x82,0x82,0x82,0x44,0xF8,0x00,
 113          0x00,0x00,0x04,0x08,0x08,0x04,0x03,0x00,        
 114          0x00,0x00,0x00,0xC0,0x30,0x0E,0x01,0x00,
 115          0x00,0x18,0x06,0x01,0x00,0x00,0x00,0x00,
 116          };
C51 COMPILER V9.54   FONTDATA                                                              03/10/2019 20:36:01 PAGE 3   

 117          /* 8*16*/
 118          code unsigned char font_A_Z[]=
 119          {
 120          0x00,0x00,0xC0,0x38,0xE0,0x00,0x00,0x00,
 121          0x20,0x3C,0x23,0x02,0x02,0x27,0x38,0x20,//"A",0
 122          
 123          0x08,0xF8,0x88,0x88,0x88,0x70,0x00,0x00,
 124          0x20,0x3F,0x20,0x20,0x20,0x11,0x0E,0x00,//"B",1
 125          
 126          0xC0,0x30,0x08,0x08,0x08,0x08,0x38,0x00,
 127          0x07,0x18,0x20,0x20,0x20,0x10,0x08,0x00,//"C",2
 128          
 129          0x08,0xF8,0x08,0x08,0x08,0x10,0xE0,0x00,
 130          0x20,0x3F,0x20,0x20,0x20,0x10,0x0F,0x00,//"D",3
 131          
 132          0x08,0xF8,0x88,0x88,0xE8,0x08,0x10,0x00,
 133          0x20,0x3F,0x20,0x20,0x23,0x20,0x18,0x00,//"E",4
 134          
 135          0x08,0xF8,0x88,0x88,0xE8,0x08,0x10,0x00,
 136          0x20,0x3F,0x20,0x00,0x03,0x00,0x00,0x00,//"F",5
 137          
 138          0xC0,0x30,0x08,0x08,0x08,0x38,0x00,0x00,
 139          0x07,0x18,0x20,0x20,0x22,0x1E,0x02,0x00,//"G",6
 140          
 141          0x08,0xF8,0x08,0x00,0x00,0x08,0xF8,0x08,
 142          0x20,0x3F,0x21,0x01,0x01,0x21,0x3F,0x20,//"H",7
 143          
 144          0x00,0x08,0x08,0xF8,0x08,0x08,0x00,0x00,
 145          0x00,0x20,0x20,0x3F,0x20,0x20,0x00,0x00,//"I",8
 146          
 147          0x00,0x00,0x08,0x08,0xF8,0x08,0x08,0x00,
 148          0xC0,0x80,0x80,0x80,0x7F,0x00,0x00,0x00,//"J",9
 149          
 150          0x08,0xF8,0x88,0xC0,0x28,0x18,0x08,0x00,
 151          0x20,0x3F,0x20,0x01,0x26,0x38,0x20,0x00,//"K",10
 152          
 153          0x08,0xF8,0x08,0x00,0x00,0x00,0x00,0x00,
 154          0x20,0x3F,0x20,0x20,0x20,0x20,0x30,0x00,//"L",11
 155          
 156          0x08,0xF8,0xF8,0x00,0xF8,0xF8,0x08,0x00,
 157          0x20,0x3F,0x01,0x3E,0x01,0x3F,0x20,0x00,//"M",12
 158          
 159          0x08,0xF8,0x30,0xC0,0x00,0x08,0xF8,0x08,
 160          0x20,0x3F,0x20,0x00,0x07,0x18,0x3F,0x00,//"N",13
 161          
 162          0xE0,0x10,0x08,0x08,0x08,0x10,0xE0,0x00,
 163          0x0F,0x10,0x20,0x20,0x20,0x10,0x0F,0x00,//"O",14
 164          
 165          0x08,0xF8,0x08,0x08,0x08,0x08,0xF0,0x00,
 166          0x20,0x3F,0x21,0x01,0x01,0x01,0x00,0x00,//"P",15
 167          
 168          0xE0,0x10,0x08,0x08,0x08,0x10,0xE0,0x00,
 169          0x0F,0x10,0x28,0x28,0x30,0x50,0x4F,0x00,//"Q",16
 170          
 171          0x08,0xF8,0x88,0x88,0x88,0x88,0x70,0x00,
 172          0x20,0x3F,0x20,0x00,0x03,0x0C,0x30,0x20,//"R",17
 173          
 174          0x00,0x70,0x88,0x08,0x08,0x08,0x38,0x00,
 175          0x00,0x38,0x20,0x21,0x21,0x22,0x1C,0x00,//"S",18
 176          
 177          0x18,0x08,0x08,0xF8,0x08,0x08,0x18,0x00,
 178          0x00,0x00,0x20,0x3F,0x20,0x00,0x00,0x00,//"T",19
C51 COMPILER V9.54   FONTDATA                                                              03/10/2019 20:36:01 PAGE 4   

 179          
 180          0x08,0xF8,0x08,0x00,0x00,0x08,0xF8,0x08,
 181          0x00,0x1F,0x20,0x20,0x20,0x20,0x1F,0x00,//"U",20
 182          
 183          0x08,0x78,0x88,0x00,0x00,0xC8,0x38,0x08,
 184          0x00,0x00,0x07,0x38,0x0E,0x01,0x00,0x00,//"V",21
 185          
 186          0x08,0xF8,0x00,0xF8,0x00,0xF8,0x08,0x00,
 187          0x00,0x03,0x3E,0x01,0x3E,0x03,0x00,0x00,//"W",22
 188          
 189          0x08,0x18,0x68,0x80,0x80,0x68,0x18,0x08,
 190          0x20,0x30,0x2C,0x03,0x03,0x2C,0x30,0x20,//"X",23
 191          
 192          0x08,0x38,0xC8,0x00,0xC8,0x38,0x08,0x00,
 193          0x00,0x00,0x20,0x3F,0x20,0x00,0x00,0x00,//"Y",24
 194          
 195          0x10,0x08,0x08,0x08,0xC8,0x38,0x08,0x00,
 196          0x20,0x38,0x26,0x21,0x20,0x20,0x18,0x00,//"Z",25
 197          };
 198          
 199          code unsigned char t0[]=
 200          {
 201          0x00,0x00,0xC0,0x20,0x10,0x18,0x18,0x30,0x60,0xC0,0x00,0x00,
 202          0x00,0x00,0x03,0x03,0x06,0x06,0x06,0x06,0x02,0x01,0x00,0x00,//0
 203          0x00,0x00,0x38,0x1C,0x02,0x03,0x83,0xFF,0x3F,0x01,0x00,0x00,
 204          0x00,0x00,0x80,0x40,0x20,0x1C,0x0F,0x03,0x00,0x00,0x00,0x00,//1
 205          0x20,0x18,0x1C,0x06,0x87,0x87,0xC6,0x3C,0x1E,0x01,0x00,0x00,
 206          0x00,0x00,0x02,0x01,0x01,0x01,0x03,0x07,0x0E,0x18,0x60,0x80,//2
 207          0x10,0x08,0x0E,0x06,0x42,0x23,0x23,0xB2,0xEF,0x00,0x00,0x00,
 208          0x00,0x00,0x00,0x00,0x04,0x02,0x03,0x03,0x06,0x1C,0x78,0x00,//3
 209          0x40,0xE0,0x98,0x0C,0x1E,0x38,0x70,0x60,0xE0,0xC0,0x80,0x80,
 210          0x00,0x00,0x01,0x03,0x02,0x06,0x0C,0x0C,0x08,0x18,0x10,0x10,//4
 211          0x00,0x7C,0xFE,0xC0,0x60,0x30,0xFC,0xFE,0x03,0x01,0x00,0x00,
 212          0x00,0x00,0x00,0x00,0x00,0x00,0x00,0x03,0x0F,0x3C,0x40,0x80,//5
 213          0x00,0xF0,0xFC,0x0E,0x02,0x00,0x00,0x00,0x00,0x80,0xC0,0x40,
 214          0x00,0x03,0x0F,0x30,0x40,0x84,0x8C,0xFE,0x73,0x01,0x00,0x00,//6
 215          0x00,0x00,0x00,0x00,0x80,0xC0,0xC0,0x80,0x06,0x1F,0x1C,0xF0,
 216          0x00,0x08,0x0F,0xC3,0x60,0x20,0x3F,0x27,0x10,0x10,0x0C,0x03,//7
 217          0x00,0x20,0x20,0x30,0x30,0x30,0x78,0xEE,0xC3,0x80,0x00,0x00,
 218          0x00,0x00,0x00,0x00,0x00,0x00,0x00,0x00,0x01,0x07,0x38,0xC0,//8
 219          0x00,0x00,0x00,0xE0,0x70,0x0C,0x06,0x72,0xDE,0x8C,0x00,0x00,
 220          0x00,0x00,0x3F,0xCF,0x00,0x00,0x00,0x00,0x00,0x01,0x01,0x00,//9
 221          };
 222          //4*8
 223          code unsigned char colon[]=
 224          {
 225                  0x00,0x30,0x30,0x00,
 226                  0x00,0x0c,0x0c,0x00,
 227          };
 228          
 229          code unsigned char colon1[]=
 230          {
 231                  0x00,0x24,0x00,
 232          };
 233          
 234          code unsigned char chargeicon[]=
 235          {
 236          0xFF,0xFF,0x03,0x03,0x03,0x03,0x03,0x03,0x03,0x03,0x03,0x03,0x03,0x03,0x03,0x03,0x03,0x03,0x03,0x03,0x03,0
             -x03,0x03,0x03,0x03,0x03,0xFF,0xFF,0xF8,0xF8,0x00,0x00,
 237          0xFF,0xFF,0xC0,0xC0,0xC0,0xC0,0xC0,0xC0,0xC0,0xC0,0xC0,0xC0,0xC0,0xC0,0xC0,0xC0,0xC0,0xC0,0xC0,0xC0,0xC0,0
             -xC0,0xC0,0xC0,0xC0,0xC0,0xFF,0xFF,0x1F,0x1F,0x00,0x00,
 238          
C51 COMPILER V9.54   FONTDATA                                                              03/10/2019 20:36:01 PAGE 5   

 239          0xFF,0xFF,0xFF,0xFF,0xFF,0xFF,0xFF,0xFF,0x03,0x03,0x03,0x03,0x03,0x03,0x03,0x03,0x03,0x03,0x03,0x03,0x03,0
             -x03,0x03,0x03,0x03,0x03,0xFF,0xFF,0xF8,0xF8,0x00,0x00,
 240          0xFF,0xFF,0xFF,0xFF,0xFF,0xFF,0xFF,0xFF,0xC0,0xC0,0xC0,0xC0,0xC0,0xC0,0xC0,0xC0,0xC0,0xC0,0xC0,0xC0,0xC0,0
             -xC0,0xC0,0xC0,0xC0,0xC0,0xFF,0xFF,0x1F,0x1F,0x00,0x00,
 241          
 242          0xFF,0xFF,0xFF,0xFF,0xFF,0xFF,0xFF,0xFF,0xFF,0xFF,0xFF,0xFF,0xFF,0xFF,0x03,0x03,0x03,0x03,0x03,0x03,0x03,0
             -x03,0x03,0x03,0x03,0x03,0xFF,0xFF,0xF8,0xF8,0x00,0x00,
 243          0xFF,0xFF,0xFF,0xFF,0xFF,0xFF,0xFF,0xFF,0xFF,0xFF,0xFF,0xFF,0xFF,0xFF,0xC0,0xC0,0xC0,0xC0,0xC0,0xC0,0xC0,0
             -xC0,0xC0,0xC0,0xC0,0xC0,0xFF,0xFF,0x1F,0x1F,0x00,0x00,
 244          
 245          0xFF,0xFF,0xFF,0xFF,0xFF,0xFF,0xFF,0xFF,0xFF,0xFF,0xFF,0xFF,0xFF,0xFF,0xFF,0xFF,0xFF,0xFF,0xFF,0xFF,0x03,0
             -x03,0x03,0x03,0x03,0x03,0xFF,0xFF,0xF8,0xF8,0x00,0x00,
 246          0xFF,0xFF,0xFF,0xFF,0xFF,0xFF,0xFF,0xFF,0xFF,0xFF,0xFF,0xFF,0xFF,0xFF,0xFF,0xFF,0xFF,0xFF,0xFF,0xFF,0xC0,0
             -xC0,0xC0,0xC0,0xC0,0xC0,0xFF,0xFF,0x1F,0x1F,0x00,0x00,
 247          
 248          0xFF,0xFF,0xFF,0xFF,0xFF,0xFF,0xFF,0xFF,0xFF,0xFF,0xFF,0xFF,0xFF,0xFF,0xFF,0xFF,0xFF,0xFF,0xFF,0xFF,0xFF,0
             -xFF,0xFF,0xFF,0xFF,0xFF,0xFF,0xFF,0xF8,0xF8,0x00,0x00,
 249          0xFF,0xFF,0xFF,0xFF,0xFF,0xFF,0xFF,0xFF,0xFF,0xFF,0xFF,0xFF,0xFF,0xFF,0xFF,0xFF,0xFF,0xFF,0xFF,0xFF,0xFF,0
             -xFF,0xFF,0xFF,0xFF,0xFF,0xFF,0xFF,0x1F,0x1F,0x00,0x00,        
 250          };
 251          
 252          code unsigned char baticon[]=
 253          {
 254          0x00,0x00,0xF8,0xF8,0x18,0x18,0x18,0x18,0x18,0x18,0x18,0x18,0xF8,0xF0,0xE0,0x00,0x00,0x00,0x0F,0x0F,0x0C,0
             -x0C,0x0C,0x0C,0x0C,0x0C,0x0C,0x0C,0x0F,0x07,0x03,0x00,
 255          
 256          0x00,0x00,0xF8,0xF8,0xF8,0xF8,0x18,0x18,0x18,0x18,0x18,0x18,0xF8,0xF0,0xE0,0x00,0x00,0x00,0x0F,0x0F,0x0F,0
             -x0F,0x0C,0x0C,0x0C,0x0C,0x0C,0x0C,0x0F,0x07,0x03,0x00,
 257                  
 258          0x00,0x00,0xF8,0xF8,0xF8,0xF8,0xF8,0xF8,0x18,0x18,0x18,0x18,0xF8,0xF0,0xE0,0x00,0x00,0x00,0x0F,0x0F,0x0F,0
             -x0F,0x0F,0x0F,0x0C,0x0C,0x0C,0x0C,0x0F,0x07,0x03,0x00,
 259                  
 260          0x00,0x00,0xF8,0xF8,0xF8,0xF8,0xF8,0xF8,0xF8,0xF8,0x18,0x18,0xF8,0xF0,0xE0,0x00,0x00,0x00,0x0F,0x0F,0x0F,0
             -x0F,0x0F,0x0F,0x0F,0x0F,0x0C,0x0C,0x0F,0x07,0x03,0x00,
 261                  
 262          0x00,0x00,0xF8,0xF8,0xF8,0xF8,0xF8,0xF8,0xF8,0xF8,0xF8,0xF8,0xF8,0xF0,0xE0,0x00,0x00,0x00,0x0F,0x0F,0x0F,0
             -x0F,0x0F,0x0F,0x0F,0x0F,0x0F,0x0F,0x0F,0x07,0x03,0x00,
 263          };
 264          


MODULE INFORMATION:   STATIC OVERLAYABLE
   CODE SIZE        =   ----    ----
   CONSTANT SIZE    =   1773    ----
   XDATA SIZE       =   ----    ----
   PDATA SIZE       =   ----    ----
   DATA SIZE        =   ----    ----
   IDATA SIZE       =   ----    ----
   BIT SIZE         =   ----    ----
END OF MODULE INFORMATION.


C51 COMPILATION COMPLETE.  0 WARNING(S),  0 ERROR(S)
