C51 COMPILER V9.54   MAIN                                                                  01/13/2019 20:16:44 PAGE 1   


C51 COMPILER V9.54, COMPILATION OF MODULE MAIN
OBJECT MODULE PLACED IN .\Output\main.obj
COMPILER INVOKED BY: D:\keil\C51\BIN\C51.EXE Code\main.c LARGE ROM(COMPACT) OPTIMIZE(8,SIZE) BROWSE INCDIR(..\..\Include
                    -;..\Include) DEFINE(FOSC_160000) DEBUG OBJECTEXTEND PRINT(.\LST\main.lst) OBJECT(.\Output\main.obj)

line level    source

   1          
   2          #include "N76E003.h"
   3          #include "SFR_Macro.h"
   4          #include "Function_define.h"
   5          #include "Common.h"
   6          #include "Delay.h"
   7          #include "OLED.h"
   8          #include "count.h"
   9          #include "dataflash.h"
  10          
  11          #define TH0_INIT        (65536-6667)/256 //5.0ms@XTAL=12MHz, Period = (10.85/2) ms@XTAL=22.1184MHz
  12          #define TL0_INIT        (65536-6667)%256
  13          #define TH1_INIT        0xE0 //2.5ms@XTAL=12MHz, Period = (5.425/2) ms@XTAL=22.1184MHz
  14          #define TL1_INIT        0x00
  15          
  16          bit BIT_TMP;
  17          
  18          extern unsigned char is_5ms_Flag;
  19          extern unsigned char blinktime;
  20          extern unsigned int powercnt,date_time_cnt;
  21          extern SysStruct        sysinfo;
  22          extern unsigned int date_time_scroll_cnt;
  23          extern unsigned int systime_cnt;
  24          extern unsigned int get_battery_time;
  25          /*********************************************************************************************************
             -***
  26          *    TIMER 0 interrupt subroutine
  27          **********************************************************************************************************
             -**/
  28          void Timer0_ISR (void) interrupt 1          //interrupt address is 0x000B
  29          {
  30   1          TH0 = TH0_INIT;
  31   1          TL0 = TL0_INIT;
  32   1              is_5ms_Flag = 1;
  33   1              blinktime++;
  34   1              if (blinktime > (BLINK_H+BLINK_L))
  35   1                      blinktime = 0;
  36   1              powercnt++;
  37   1              date_time_cnt++;
  38   1              date_time_scroll_cnt++;
  39   1              systime_cnt++;
  40   1              get_battery_time++;
  41   1      }
  42          
  43          void Timer0_Init(void)
  44          {
  45   1              TMOD = 0XFF;
  46   1              TIMER0_MODE1_ENABLE;                        //Timer 0  mode configuration
  47   1          
  48   1              clr_T0M;
  49   1          
  50   1              TH0 = TH0_INIT;
  51   1              TL0 = TL0_INIT;
  52   1          
C51 COMPILER V9.54   MAIN                                                                  01/13/2019 20:16:44 PAGE 2   

  53   1              set_ET0;                                    //enable Timer0 interrupt
  54   1              set_EA;                                     //enable interrupts
  55   1              
  56   1              set_TR0;                                    //Timer0 run
  57   1      }
  58          
  59          extern unsigned int adcvalue[16];
  60          extern unsigned char adc_cnt;
  61          
  62          void ADC_ISR (void) interrupt 11
  63          {
  64   1              char index;
  65   1              index = adc_cnt;//&0x07;
  66   1          clr_ADCF;                               // Clear ADC interrupt flag
  67   1              adcvalue[index] = ADCRH;
  68   1              adcvalue[index] = adcvalue[index]<<4;
  69   1              adcvalue[index] |= ADCRL&0x0F;
  70   1              adc_cnt++;
  71   1              if (adc_cnt >= 16)
  72   1              {
  73   2                      clr_EADC;
  74   2              }
  75   1      }
  76          
  77          void initADC(void)
  78          {
  79   1              unsigned char i;
  80   1              adc_cnt = 0;
  81   1              for(i=0;i<16;i++)
  82   1                      adcvalue[i] = 0;
  83   1              PWM2_P10_OUTPUT_ENABLE;                         
  84   1              Enable_ADC_AIN3;                                                                                                                
  85   1              PWM2_FALLINGEDGE_TRIG_ADC;      
  86   1              PWMPH = 0x07;                                                                                                                           //Setting PWM value          
  87   1              PWMPL = 0xFF;
  88   1              PWM2H = 0x02;
  89   1              PWM2L = 0xFF;
  90   1              set_LOAD;                                                                                                                                               // PWM run
  91   1              set_PWMRUN;
  92   1              // Setting ADC
  93   1              set_EADC;                                                                                                                                               // Enable ADC interrupt (if use interrupt)
  94   1              EA = 1; 
  95   1              while(adc_cnt < 16);
  96   1              set_EADC;       
  97   1      }
  98          
  99          void main(void)
 100          {
 101   1              Set_All_GPIO_Quasi_Mode;
 102   1              Timer0_Init();
 103   1              initADC();
 104   1              while(1)
 105   1              {
 106   2                      main_loop();
 107   2              }
 108   1      }


MODULE INFORMATION:   STATIC OVERLAYABLE
   CODE SIZE        =    428    ----
   CONSTANT SIZE    =   ----    ----
   XDATA SIZE       =   ----       1
C51 COMPILER V9.54   MAIN                                                                  01/13/2019 20:16:44 PAGE 3   

   PDATA SIZE       =   ----    ----
   DATA SIZE        =   ----    ----
   IDATA SIZE       =   ----    ----
   BIT SIZE         =      1    ----
END OF MODULE INFORMATION.


C51 COMPILATION COMPLETE.  0 WARNING(S),  0 ERROR(S)
